0 info it worked if it ends with ok
1 verbose cli [ '/home/ali/software/node-v6.9.1-linux-x64/bin/node',
1 verbose cli   '/usr/local/bin/npm',
1 verbose cli   'run',
1 verbose cli   'test:lint' ]
2 info using npm@3.10.8
3 info using node@v6.9.1
4 verbose run-script [ 'pretest:lint', 'test:lint', 'posttest:lint' ]
5 info lifecycle webpack-book@1.0.0~pretest:lint: webpack-book@1.0.0
6 silly lifecycle webpack-book@1.0.0~pretest:lint: no script for pretest:lint, continuing
7 info lifecycle webpack-book@1.0.0~test:lint: webpack-book@1.0.0
8 verbose lifecycle webpack-book@1.0.0~test:lint: unsafe-perm in lifecycle true
9 verbose lifecycle webpack-book@1.0.0~test:lint: PATH: /home/ali/software/node-v6.9.1-linux-x64/lib/node_modules/npm/bin/node-gyp-bin:/var/www/html/webpack-book-study/node_modules/.bin:/home/ali/software/node-v6.9.1-linux-x64/bin:/home/ali/software/jdk1.8.0_111/bin:/home/ali/software/jdk1.8.0_111/jre/bin:/home/ali/software/jdk1.8.0_111/bin:/home/ali/software/jdk1.8.0_111/jre/bin:/usr/local/sbin:/usr/local/bin:/usr/sbin:/usr/bin:/sbin:/bin:/usr/games:/usr/local/games
10 verbose lifecycle webpack-book@1.0.0~test:lint: CWD: /var/www/html/webpack-book-study
11 silly lifecycle webpack-book@1.0.0~test:lint: Args: [ '-c', 'eslint . --ext .js --ext .jsx --cache' ]
12 silly lifecycle webpack-book@1.0.0~test:lint: Returned: code: 1  signal: null
13 info lifecycle webpack-book@1.0.0~test:lint: Failed to exec test:lint script
14 verbose stack Error: webpack-book@1.0.0 test:lint: `eslint . --ext .js --ext .jsx --cache`
14 verbose stack Exit status 1
14 verbose stack     at EventEmitter.<anonymous> (/home/ali/software/node-v6.9.1-linux-x64/lib/node_modules/npm/lib/utils/lifecycle.js:255:16)
14 verbose stack     at emitTwo (events.js:106:13)
14 verbose stack     at EventEmitter.emit (events.js:191:7)
14 verbose stack     at ChildProcess.<anonymous> (/home/ali/software/node-v6.9.1-linux-x64/lib/node_modules/npm/lib/utils/spawn.js:40:14)
14 verbose stack     at emitTwo (events.js:106:13)
14 verbose stack     at ChildProcess.emit (events.js:191:7)
14 verbose stack     at maybeClose (internal/child_process.js:877:16)
14 verbose stack     at Process.ChildProcess._handle.onexit (internal/child_process.js:226:5)
15 verbose pkgid webpack-book@1.0.0
16 verbose cwd /var/www/html/webpack-book-study
17 error Linux 4.4.0-47-generic
18 error argv "/home/ali/software/node-v6.9.1-linux-x64/bin/node" "/usr/local/bin/npm" "run" "test:lint"
19 error node v6.9.1
20 error npm  v3.10.8
21 error code ELIFECYCLE
22 error webpack-book@1.0.0 test:lint: `eslint . --ext .js --ext .jsx --cache`
22 error Exit status 1
23 error Failed at the webpack-book@1.0.0 test:lint script 'eslint . --ext .js --ext .jsx --cache'.
23 error Make sure you have the latest version of node.js and npm installed.
23 error If you do, this is most likely a problem with the webpack-book package,
23 error not with npm itself.
23 error Tell the author that this fails on your system:
23 error     eslint . --ext .js --ext .jsx --cache
23 error You can get information on how to open an issue for this project with:
23 error     npm bugs webpack-book
23 error Or if that isn't available, you can get their info via:
23 error     npm owner ls webpack-book
23 error There is likely additional logging output above.
24 verbose exit [ 1, true ]
